android/app/build/outputs/mapping/release/seeds.txt
com.example.e_mart.MainActivity
com.example.e_mart.MainActivity: MainActivity()
...
com.razorpay.R$layout: int notification_media_action
com.razorpay.NetworkType: java.lang.String mNetworkTypeName
com.razorpay.BaseUtils: java.lang.String orderId
com.razorpay.AnalyticsConstants: java.lang.String FRAMEWORK
io.flutter.embedding.engine.renderer.FlutterRenderer$ImageTextureRegistryEntry: java.lang.String TAG
com.razorpay.R$id: int tag_unhandled_key_event_manager
kotlinx.coroutines.internal.Segment: int cleanedAndPointers
com.razorpay.CheckoutPresenterImpl: int paymentAttempts
com.razorpay.AnalyticsConstants: java.lang.String LINK_NEW_ACCOUNT_INTERNAL_SIM_VALIDATED
com.razorpay.AnalyticsEvent: com.razorpay.AnalyticsEvent WEB_VIEW_SSL_ERROR
com.razorpay.R$id: int accessibility_custom_action_10
com.razorpay.checkout.wrapper.R$styleable: int[] FontFamilyFont
com.razorpay.AnalyticsConstants: java.lang.String GOOGLEPAY_CALLBACK
com.razorpay.R$styleable: int[] FontFamily
com.dexterous.flutterlocalnotifications.FlutterLocalNotificationsPlugin: java.lang.String NOTIFICATION_LAUNCHED_APP
com.razorpay.R$drawable: int ic_tick_mark
com.razorpay.V$$3$: java.util.Map s
com.google.android.gms.common.Feature: android.os.Parcelable$Creator CREATOR
com.razorpay.R$styleable: int FontFamily_fontProviderCerts
com.razorpay.p$$q_: java.lang.String m
com.razorpay.R$id: int actions
com.razorpay.Checkout: java.lang.String merchantClassName
com.razorpay.m: int a
com.dexterous.flutterlocalnotifications.models.MessageDetails: java.lang.String text
com.razorpay.checkout.wrapper.R$styleable: int GradientColor_android_type
com.razorpay.razorpay_flutter.RazorpayDelegate: int CODE_PAYMENT_ERROR
com.dexterous.flutterlocalnotifications.models.NotificationDetails: java.lang.Object largeIcon
com.dexterous.flutterlocalnotifications.models.NotificationDetails: java.lang.String FULL_SCREEN_INTENT
com.razorpay.i: android.view.ViewGroup b
com.dexterous.flutterlocalnotifications.models.NotificationChannelAction: com.dexterous.flutterlocalnotifications.models.NotificationChannelAction Update
com.razorpay.AnalyticsEvent: com.razorpay.AnalyticsEvent FETCH_PREFERENCES_CALLED
com.razorpay.Checkout: int MAGICX_RESPONSE_CODE
com.razorpay.g__v_: org.json.JSONObject b
io.flutter.view.AccessibilityViewEmbedder: android.util.SparseArray flutterIdToOrigin
com.razorpay.R$dimen: int notification_top_pad
com.dexterous.flutterlocalnotifications.models.NotificationChannelDetails: java.lang.Boolean enableLights
androidx.lifecycle.Lifecycle$Event: androidx.lifecycle.Lifecycle$Event ON_RESUME
com.dexterous.flutterlocalnotifications.models.NotificationDetails: java.lang.Boolean indeterminate
com.razorpay.R$style: int TextAppearance_Compat_Notification_Info_Media
com.razorpay.R$color: int common_google_signin_btn_text_dark
com.razorpay.AnalyticsConstants: java.lang.String PRELOAD
kotlinx.coroutines.CancellableContinuationImpl: java.lang.Object _state
com.razorpay.checkout.wrapper.R$id: int tag_screen_reader_focusable
com.dexterous.flutterlocalnotifications.models.IconSource: com.dexterous.flutterlocalnotifications.models.IconSource BitmapFilePath
com.razorpay.R$color: int common_google_signin_btn_text_dark_default
com.razorpay.BaseConstants: java.lang.String CRED_URL_SCHEMA
io.flutter.plugin.editing.ImeSyncDeferringInsetsCallback: boolean needsSave
com.razorpay.b__J_: com.razorpay.i rzpbar
com.razorpay.BaseConstants: java.lang.String MAVEN_REPO_URL
com.razorpay.L$$C_: java.lang.String a
com.dexterous.flutterlocalnotifications.FlutterLocalNotificationsPlugin: java.lang.String PERMISSION_REQUEST_IN_PROGRESS_ERROR_MESSAGE
com.dexterous.flutterlocalnotifications.models.NotificationChannelDetails: java.lang.String VIBRATION_PATTERN
com.razorpay.R$styleable: int FontFamily_fontProviderPackage
com.razorpay.h__y_: com.razorpay.CheckoutBridge b
io.flutter.embedding.engine.renderer.FlutterRenderer$ImageReaderSurfaceProducer: long lastScheduleTime
com.razorpay.AnalyticsEvent: com.razorpay.AnalyticsEvent CUSTOM_UI_GET_APPS_SUPPORTING_UPI_CALLBACK