android/app/build/outputs/mapping/release/usage.txt
com.example.e_mart.R$drawable
com.example.e_mart.R$mipmap
com.example.e_mart.R$style
com.example.e_mart.R
...
com.google.android.gms.common.internal.GmsClient:
    protected void <init>(android.content.Context,android.os.Handler,int,com.google.android.gms.common.internal.ClientSettings)
    protected void <init>(android.content.Context,android.os.Looper,int,com.google.android.gms.common.internal.ClientSettings)
    public com.google.android.gms.common.Feature[] getRequiredFeatures()
com.google.android.gms.common.internal.GmsClientSupervisor:
    public boolean bindService(android.content.ComponentName,android.content.ServiceConnection,java.lang.String)
    public boolean bindService(android.content.ComponentName,android.content.ServiceConnection,java.lang.String,java.util.concurrent.Executor)
    public boolean bindService(java.lang.String,android.content.ServiceConnection,java.lang.String)
    public static int getDefaultBindFlags()
    public static android.os.HandlerThread getOrStartHandlerThread(int)
    public static void setDefaultBindExecutor(java.util.concurrent.Executor)
    public static void setUseHandlerThreadForCallbacks()
    public void unbindService(android.content.ComponentName,android.content.ServiceConnection,java.lang.String)
    public void unbindService(java.lang.String,android.content.ServiceConnection,java.lang.String)
com.google.android.gms.common.internal.GmsLogger:
    public boolean canLog(int)
    public boolean canLogPii()
    public void d(java.lang.String,java.lang.String)
    public void d(java.lang.String,java.lang.String,java.lang.Throwable)
    public void e(java.lang.String,java.lang.String)
    public void e(java.lang.String,java.lang.String,java.lang.Throwable)
    public varargs void efmt(java.lang.String,java.lang.String,java.lang.Object[])
    public void i(java.lang.String,java.lang.String)
    public void i(java.lang.String,java.lang.String,java.lang.Throwable)
    public void pii(java.lang.String,java.lang.String)
    public void pii(java.lang.String,java.lang.String,java.lang.Throwable)
    public void v(java.lang.String,java.lang.String)
    public void v(java.lang.String,java.lang.String,java.lang.Throwable)
    public void w(java.lang.String,java.lang.String)
    public void w(java.lang.String,java.lang.String,java.lang.Throwable)
    public varargs void wfmt(java.lang.String,java.lang.String,java.lang.Object[])
    public void wtf(java.lang.String,java.lang.String,java.lang.Throwable)
    private final java.lang.String zza(java.lang.String)
    private final varargs java.lang.String zzb(java.lang.String,java.lang.Object[])
com.google.android.gms.common.internal.HideFirstParty
com.google.android.gms.common.internal.IAccountAccessor$Stub:
    public void <init>()
    protected final boolean zza(int,android.os.Parcel,android.os.Parcel,int)
com.google.android.gms.common.internal.ICancelToken$Stub
com.google.android.gms.common.internal.ICancelToken:
    public abstract void cancel()
com.google.android.gms.common.internal.IGmsServiceBroker$Stub
com.google.android.gms.common.internal.ImagesContract
com.google.android.gms.common.internal.LibraryVersion
com.google.android.gms.common.internal.MethodInvocation:
    public void <init>(int,int,int,long,long,java.lang.String,java.lang.String,int)
com.google.android.gms.common.internal.Objects:
    private void <init>()
    public static boolean checkBundlesEquality(android.os.Bundle,android.os.Bundle)
com.google.android.gms.common.internal.PendingResultUtil:
    public void <init>()
    public static com.google.android.gms.tasks.Task toResponseTask(com.google.android.gms.common.api.PendingResult,com.google.android.gms.common.api.Response)